  telefonszam_proba.cpp
  Telefonszam.cpp
d:\documents\github\prog2_hazi12\telefonkonyv\telefonkonyv\telefonszam.cpp(24): warning C4244: '=': conversion from '__int64' to 'int', possible loss of data
d:\documents\github\prog2_hazi12\telefonkonyv\telefonkonyv\telefonszam.cpp(28): warning C4244: '=': conversion from '__int64' to 'int', possible loss of data
d:\documents\github\prog2_hazi12\telefonkonyv\telefonkonyv\telefonszam.cpp(32): warning C4244: '=': conversion from '__int64' to 'int', possible loss of data
d:\documents\github\prog2_hazi12\telefonkonyv\telefonkonyv\telefonszam.cpp(40): warning C4244: '=': conversion from '__int64' to 'int', possible loss of data
d:\documents\github\prog2_hazi12\telefonkonyv\telefonkonyv\telefonszam.cpp(45): warning C4244: '=': conversion from '__int64' to 'int', possible loss of data
d:\documents\github\prog2_hazi12\telefonkonyv\telefonkonyv\telefonszam.cpp(49): warning C4244: '=': conversion from '__int64' to 'int', possible loss of data
  Sajat_string_proba.cpp
  Sajat_string.cpp
d:\documents\github\prog2_hazi12\telefonkonyv\telefonkonyv\sajat_string.cpp(13): warning C4267: '=': conversion from 'size_t' to 'unsigned int', possible loss of data
  Contact_proba.cpp
  Contact.cpp
d:\documents\github\prog2_hazi12\telefonkonyv\telefonkonyv\contact.h(34): warning C4522: 'Contact': multiple assignment operators specified
d:\documents\github\prog2_hazi12\telefonkonyv\telefonkonyv\contact.cpp(6): error C2512: 'Telefonszam': no appropriate default constructor available
  d:\documents\github\prog2_hazi12\telefonkonyv\telefonkonyv\telefonszam.h(3): note: see declaration of 'Telefonszam'
d:\documents\github\prog2_hazi12\telefonkonyv\telefonkonyv\contact.cpp(12): error C2512: 'Telefonszam': no appropriate default constructor available
  d:\documents\github\prog2_hazi12\telefonkonyv\telefonkonyv\telefonszam.h(3): note: see declaration of 'Telefonszam'
d:\documents\github\prog2_hazi12\telefonkonyv\telefonkonyv\contact.cpp(17): error C2512: 'Telefonszam': no appropriate default constructor available
  d:\documents\github\prog2_hazi12\telefonkonyv\telefonkonyv\telefonszam.h(3): note: see declaration of 'Telefonszam'
d:\documents\github\prog2_hazi12\telefonkonyv\telefonkonyv\contact.cpp(47): error C2512: 'Telefonszam': no appropriate default constructor available
  d:\documents\github\prog2_hazi12\telefonkonyv\telefonkonyv\contact.cpp(47): note: No constructor could take the source type, or constructor overload resolution was ambiguous
d:\documents\github\prog2_hazi12\telefonkonyv\telefonkonyv\contact.cpp(52): error C2512: 'Telefonszam': no appropriate default constructor available
  d:\documents\github\prog2_hazi12\telefonkonyv\telefonkonyv\contact.cpp(52): note: No constructor could take the source type, or constructor overload resolution was ambiguous
  Generating Code...
